build/app/intermediates/manifest_merge_blame_file/debug/manifest-merger-blame-debug-report.txt
1<?xml version="1.0" encoding="utf-8"?>
2<manifest xmlns:android="http://schemas.android.com/apk/res/android"
3    package="com.inilabs.foodking"
4    android:versionCode="15"
5    android:versionName="1.0.10" >
6
7    <uses-sdk
8        android:minSdkVersion="21"
9        android:targetSdkVersion="34" />
10    <!--
11         The INTERNET permission is required for development. Specifically,
12         the Flutter tool needs it to communicate with the running application
13         to allow setting breakpoints, to provide hot reload, etc.
14    -->
15    <uses-permission android:name="android.permission.INTERNET" />
15-->src\main\AndroidManifest.xml:5:1-63
15-->src\main\AndroidManifest.xml:5:18-60
16    <uses-permission android:name="android.permission.ACCESS_COARSE_LOCATION" />
16-->src\main\AndroidManifest.xml:4:1-77
16-->src\main\AndroidManifest.xml:4:18-74
17    <uses-permission android:name="android.permission.ACCESS_FINE_LOCATION" />
17-->src\main\AndroidManifest.xml:6:1-75
17-->src\main\AndroidManifest.xml:6:18-72
18    <uses-permission android:name="android.permission.ACCESS_LOCATION_EXTRA_COMMANDS" />
18-->src\main\AndroidManifest.xml:7:1-85
18-->src\main\AndroidManifest.xml:7:18-82
19    <uses-permission android:name="android.permission.WAKE_LOCK" />
19-->src\main\AndroidManifest.xml:8:1-64
19-->src\main\AndroidManifest.xml:8:18-61
20    <uses-permission android:name="android.hardware.location.gps" />
20-->src\main\AndroidManifest.xml:9:1-65
20-->src\main\AndroidManifest.xml:9:18-62
21    <uses-permission android:name="android.permission.SCHEDULE_EXACT_ALARM" />
21-->src\main\AndroidManifest.xml:10:1-75
21-->src\main\AndroidManifest.xml:10:18-72
22    <uses-permission android:name="android.permission.USE_EXACT_ALARM" />
22-->src\main\AndroidManifest.xml:11:1-70
22-->src\main\AndroidManifest.xml:11:18-67
23
24    <queries>
24-->src\main\AndroidManifest.xml:56:5-61:15
25        <intent>
25-->src\main\AndroidManifest.xml:57:9-60:18
26            <action android:name="android.intent.action.VIEW" />
26-->src\main\AndroidManifest.xml:58:13-65
26-->src\main\AndroidManifest.xml:58:21-62
27
28            <data android:scheme="tel" />
28-->src\main\AndroidManifest.xml:59:13-42
28-->src\main\AndroidManifest.xml:59:19-39
29        </intent>
30        <intent>
30-->[:flutter_inappwebview] AndroidManifest.xml:10:9-12:18
31            <action android:name="android.support.customtabs.action.CustomTabsService" />
31-->[:flutter_inappwebview] AndroidManifest.xml:11:13-90
31-->[:flutter_inappwebview] AndroidManifest.xml:11:21-87
32        </intent>
33
34        <package android:name="com.google.android.apps.maps" />
34-->[:map_launcher] AndroidManifest.xml:10:9-64
34-->[:map_launcher] AndroidManifest.xml:10:18-61
35        <package android:name="com.google.android.apps.mapslite" />
35-->[:map_launcher] AndroidManifest.xml:11:9-68
35-->[:map_launcher] AndroidManifest.xml:11:18-65
36        <package android:name="com.autonavi.minimap" />
36-->[:map_launcher] AndroidManifest.xml:12:9-56
36-->[:map_launcher] AndroidManifest.xml:12:18-53
37        <package android:name="com.baidu.BaiduMap" />
37-->[:map_launcher] AndroidManifest.xml:13:9-54
37-->[:map_launcher] AndroidManifest.xml:13:18-51
38        <package android:name="com.waze" />
38-->[:map_launcher] AndroidManifest.xml:14:9-44
38-->[:map_launcher] AndroidManifest.xml:14:18-41
39        <package android:name="ru.yandex.yandexnavi" />
39-->[:map_launcher] AndroidManifest.xml:15:9-56
39-->[:map_launcher] AndroidManifest.xml:15:18-53
40        <package android:name="ru.yandex.yandexmaps" />
40-->[:map_launcher] AndroidManifest.xml:16:9-56
40-->[:map_launcher] AndroidManifest.xml:16:18-53
41        <package android:name="com.citymapper.app.release" />
41-->[:map_launcher] AndroidManifest.xml:17:9-62
41-->[:map_launcher] AndroidManifest.xml:17:18-59
42        <package android:name="com.mapswithme.maps.pro" />
42-->[:map_launcher] AndroidManifest.xml:18:9-59
42-->[:map_launcher] AndroidManifest.xml:18:18-56
43        <package android:name="net.osmand" />
43-->[:map_launcher] AndroidManifest.xml:19:9-46
43-->[:map_launcher] AndroidManifest.xml:19:18-43
44        <package android:name="net.osmand.plus" />
44-->[:map_launcher] AndroidManifest.xml:20:9-51
44-->[:map_launcher] AndroidManifest.xml:20:18-48
45        <package android:name="ru.dublgis.dgismobile" />
45-->[:map_launcher] AndroidManifest.xml:21:9-57
45-->[:map_launcher] AndroidManifest.xml:21:18-54
46        <package android:name="com.tencent.map" />
46-->[:map_launcher] AndroidManifest.xml:22:9-51
46-->[:map_launcher] AndroidManifest.xml:22:18-48
47        <package android:name="com.here.app.maps" />
47-->[:map_launcher] AndroidManifest.xml:23:9-53
47-->[:map_launcher] AndroidManifest.xml:23:18-50
48        <package android:name="com.huawei.maps.app" />
48-->[:map_launcher] AndroidManifest.xml:24:9-55
48-->[:map_launcher] AndroidManifest.xml:24:18-52
49    </queries>
50
51    <uses-permission android:name="android.permission.ACCESS_NETWORK_STATE" /> <!-- Permissions options for the `notification` group -->
51-->[:connectivity] AndroidManifest.xml:9:5-79
51-->[:connectivity] AndroidManifest.xml:9:22-76
52    <uses-permission android:name="android.permission.POST_NOTIFICATIONS" />
52-->[:firebase_messaging] AndroidManifest.xml:13:5-77
52-->[:firebase_messaging] AndroidManifest.xml:13:22-74
53    <uses-permission android:name="android.permission.VIBRATE" /> <!-- Required by older versions of Google Play services to create IID tokens -->
53-->[:flutter_local_notifications] AndroidManifest.xml:9:5-66
53-->[:flutter_local_notifications] AndroidManifest.xml:9:22-63
54    <uses-permission android:name="com.google.android.c2dm.permission.RECEIVE" />
54-->[com.google.firebase:firebase-messaging:23.4.1] AndroidManifest.xml:26:5-82
54-->[com.google.firebase:firebase-messaging:23.4.1] AndroidManifest.xml:26:22-79
55
56    <uses-feature
56-->[com.google.android.gms:play-services-maps:18.2.0] AndroidManifest.xml:26:5-28:35
57        android:glEsVersion="0x00020000"
57-->[com.google.android.gms:play-services-maps:18.2.0] AndroidManifest.xml:27:9-41
58        android:required="true" />
58-->[com.google.android.gms:play-services-maps:18.2.0] AndroidManifest.xml:28:9-32
59
60    <permission
60-->[androidx.core:core:1.13.1] AndroidManifest.xml:22:5-24:47
61        android:name="com.inilabs.foodking.DYNAMIC_RECEIVER_NOT_EXPORTED_PERMISSION"
61-->[androidx.core:core:1.13.1] AndroidManifest.xml:23:9-81
62        android:protectionLevel="signature" />
62-->[androidx.core:core:1.13.1] AndroidManifest.xml:24:9-44
63
64    <uses-permission android:name="com.inilabs.foodking.DYNAMIC_RECEIVER_NOT_EXPORTED_PERMISSION" />
64-->[androidx.core:core:1.13.1] AndroidManifest.xml:26:5-97
64-->[androidx.core:core:1.13.1] AndroidManifest.xml:26:22-94
65
66    <application
67        android:name="android.app.Application"
68        android:appComponentFactory="androidx.core.app.CoreComponentFactory"
68-->[androidx.core:core:1.13.1] AndroidManifest.xml:28:18-86
69        android:debuggable="true"
70        android:icon="@mipmap/ic_launcher"
71        android:label="FoodKing" >
72        <activity
73            android:name="com.inilabs.foodking.MainActivity"
74            android:configChanges="orientation|keyboardHidden|keyboard|screenSize|smallestScreenSize|locale|layoutDirection|fontScale|screenLayout|density|uiMode"
75            android:exported="true"
76            android:hardwareAccelerated="true"
77            android:launchMode="singleTop"
78            android:screenOrientation="portrait"
79            android:theme="@style/LaunchTheme"
80            android:windowSoftInputMode="adjustResize" >
81
82            <!--
83                 Specifies an Android theme to apply to this Activity as soon as
84                 the Android process has started. This theme is visible to the user
85                 while the Flutter UI initializes. After that, this theme continues
86                 to determine the Window background behind the Flutter UI.
87            -->
88            <meta-data
89                android:name="io.flutter.embedding.android.NormalTheme"
90                android:resource="@style/NormalTheme" />
91
92            <intent-filter>
93                <action android:name="android.intent.action.MAIN" />
94
95                <category android:name="android.intent.category.LAUNCHER" />
96            </intent-filter>
97        </activity>
98        <!--
99             Don't delete the meta-data below.
100             This is used by the Flutter tool to generate GeneratedPluginRegistrant.java
101        -->
102        <meta-data
103            android:name="flutterEmbedding"
104            android:value="2" />
105        <meta-data
106            android:name="com.google.firebase.messaging.default_notification_channel_id"
107            android:value="high_importance_channel" />
108
109        <!-- TODO: Add your Google Maps API key here -->
110        <meta-data
111            android:name="com.google.android.geo.API_KEY"
112            android:value="AIzaSyB3S4fcKMcU-Ll9RSPkCiwdk1jXPmrTC_c" />
113
114        <service
114-->[:firebase_messaging] AndroidManifest.xml:16:9-19:72
115            android:name="io.flutter.plugins.firebase.messaging.FlutterFirebaseMessagingBackgroundService"
115-->[:firebase_messaging] AndroidManifest.xml:17:13-107
116            android:exported="false"
116-->[:firebase_messaging] AndroidManifest.xml:18:13-37
117            android:permission="android.permission.BIND_JOB_SERVICE" />
117-->[:firebase_messaging] AndroidManifest.xml:19:13-69
118        <service
118-->[:firebase_messaging] AndroidManifest.xml:20:9-26:19
119            android:name="io.flutter.plugins.firebase.messaging.FlutterFirebaseMessagingService"
119-->[:firebase_messaging] AndroidManifest.xml:21:13-97
120            android:exported="false" >
120-->[:firebase_messaging] AndroidManifest.xml:22:13-37
121            <intent-filter>
121-->[:firebase_messaging] AndroidManifest.xml:23:13-25:29
122                <action android:name="com.google.firebase.MESSAGING_EVENT" />
122-->[:firebase_messaging] AndroidManifest.xml:24:17-78
122-->[:firebase_messaging] AndroidManifest.xml:24:25-75
123            </intent-filter>
124        </service>
125
126        <receiver
126-->[:firebase_messaging] AndroidManifest.xml:28:9-35:20
127            android:name="io.flutter.plugins.firebase.messaging.FlutterFirebaseMessagingReceiver"
127-->[:firebase_messaging] AndroidManifest.xml:29:13-98
128            android:exported="true"
128-->[:firebase_messaging] AndroidManifest.xml:30:13-36
129            android:permission="com.google.android.c2dm.permission.SEND" >
129-->[:firebase_messaging] AndroidManifest.xml:31:13-73
130            <intent-filter>
130-->[:firebase_messaging] AndroidManifest.xml:32:13-34:29
131                <action android:name="com.google.android.c2dm.intent.RECEIVE" />
131-->[:firebase_messaging] AndroidManifest.xml:33:17-81
131-->[:firebase_messaging] AndroidManifest.xml:33:25-78
132            </intent-filter>
133        </receiver>
134
135        <service
135-->[:firebase_messaging] AndroidManifest.xml:37:9-41:19
136            android:name="com.google.firebase.components.ComponentDiscoveryService"
136-->[:firebase_messaging] AndroidManifest.xml:37:18-89
137            android:directBootAware="true"
137-->[com.google.firebase:firebase-common:20.4.3] AndroidManifest.xml:32:13-43
138            android:exported="false" >
138-->[com.google.firebase:firebase-messaging:23.4.1] AndroidManifest.xml:56:13-37
139            <meta-data
139-->[:firebase_messaging] AndroidManifest.xml:38:13-40:85
140                android:name="com.google.firebase.components:io.flutter.plugins.firebase.messaging.FlutterFirebaseAppRegistrar"
140-->[:firebase_messaging] AndroidManifest.xml:39:17-128
141                android:value="com.google.firebase.components.ComponentRegistrar" />
141-->[:firebase_messaging] AndroidManifest.xml:40:17-82
142            <meta-data
142-->[:firebase_core] AndroidManifest.xml:11:13-13:85
143                android:name="com.google.firebase.components:io.flutter.plugins.firebase.core.FlutterFirebaseCoreRegistrar"
143-->[:firebase_core] AndroidManifest.xml:12:17-124
144                android:value="com.google.firebase.components.ComponentRegistrar" />
144-->[:firebase_core] AndroidManifest.xml:13:17-82
145            <meta-data
145-->[com.google.firebase:firebase-messaging:23.4.1] AndroidManifest.xml:57:13-59:85
146                android:name="com.google.firebase.components:com.google.firebase.messaging.FirebaseMessagingKtxRegistrar"
146-->[com.google.firebase:firebase-messaging:23.4.1] AndroidManifest.xml:58:17-122
147                android:value="com.google.firebase.components.ComponentRegistrar" />
147-->[com.google.firebase:firebase-messaging:23.4.1] AndroidManifest.xml:59:17-82
148            <meta-data
148-->[com.google.firebase:firebase-messaging:23.4.1] AndroidManifest.xml:60:13-62:85
149                android:name="com.google.firebase.components:com.google.firebase.messaging.FirebaseMessagingRegistrar"
149-->[com.google.firebase:firebase-messaging:23.4.1] AndroidManifest.xml:61:17-119
150                android:value="com.google.firebase.components.ComponentRegistrar" />
150-->[com.google.firebase:firebase-messaging:23.4.1] AndroidManifest.xml:62:17-82
151            <meta-data
151-->[com.google.firebase:firebase-installations:17.2.0] AndroidManifest.xml:15:13-17:85
152                android:name="com.google.firebase.components:com.google.firebase.installations.FirebaseInstallationsKtxRegistrar"
152-->[com.google.firebase:firebase-installations:17.2.0] AndroidManifest.xml:16:17-130
153                android:value="com.google.firebase.components.ComponentRegistrar" />
153-->[com.google.firebase:firebase-installations:17.2.0] AndroidManifest.xml:17:17-82
154            <meta-data
154-->[com.google.firebase:firebase-installations:17.2.0] AndroidManifest.xml:18:13-20:85
155                android:name="com.google.firebase.components:com.google.firebase.installations.FirebaseInstallationsRegistrar"
155-->[com.google.firebase:firebase-installations:17.2.0] AndroidManifest.xml:19:17-127
156                android:value="com.google.firebase.components.ComponentRegistrar" />
156-->[com.google.firebase:firebase-installations:17.2.0] AndroidManifest.xml:20:17-82
157            <meta-data
157-->[com.google.firebase:firebase-common-ktx:20.4.3] AndroidManifest.xml:12:13-14:85
158                android:name="com.google.firebase.components:com.google.firebase.ktx.FirebaseCommonLegacyRegistrar"
158-->[com.google.firebase:firebase-common-ktx:20.4.3] AndroidManifest.xml:13:17-116
159                android:value="com.google.firebase.components.ComponentRegistrar" />
159-->[com.google.firebase:firebase-common-ktx:20.4.3] AndroidManifest.xml:14:17-82
160            <meta-data
160-->[com.google.firebase:firebase-common:20.4.3] AndroidManifest.xml:35:13-37:85
161                android:name="com.google.firebase.components:com.google.firebase.FirebaseCommonKtxRegistrar"
161-->[com.google.firebase:firebase-common:20.4.3] AndroidManifest.xml:36:17-109
162                android:value="com.google.firebase.components.ComponentRegistrar" />
162-->[com.google.firebase:firebase-common:20.4.3] AndroidManifest.xml:37:17-82
163            <meta-data
163-->[com.google.firebase:firebase-datatransport:18.1.7] AndroidManifest.xml:27:13-29:85
164                android:name="com.google.firebase.components:com.google.firebase.datatransport.TransportRegistrar"
164-->[com.google.firebase:firebase-datatransport:18.1.7] AndroidManifest.xml:28:17-115
165                android:value="com.google.firebase.components.ComponentRegistrar" />
165-->[com.google.firebase:firebase-datatransport:18.1.7] AndroidManifest.xml:29:17-82
166        </service>
167
168        <provider
168-->[:firebase_messaging] AndroidManifest.xml:43:9-47:38
169            android:name="io.flutter.plugins.firebase.messaging.FlutterFirebaseMessagingInitProvider"
169-->[:firebase_messaging] AndroidManifest.xml:44:13-102
170            android:authorities="com.inilabs.foodking.flutterfirebasemessaginginitprovider"
170-->[:firebase_messaging] AndroidManifest.xml:45:13-88
171            android:exported="false"
171-->[:firebase_messaging] AndroidManifest.xml:46:13-37
172            android:initOrder="99" />
172-->[:firebase_messaging] AndroidManifest.xml:47:13-35
173
174        <activity
174-->[:flutter_inappwebview] AndroidManifest.xml:16:9-20:47
175            android:name="com.pichillilorenzo.flutter_inappwebview.in_app_browser.InAppBrowserActivity"
175-->[:flutter_inappwebview] AndroidManifest.xml:17:13-104
176            android:configChanges="orientation|keyboardHidden|keyboard|screenSize|locale|layoutDirection|fontScale|screenLayout|density"
176-->[:flutter_inappwebview] AndroidManifest.xml:18:13-137
177            android:exported="false"
177-->[:flutter_inappwebview] AndroidManifest.xml:19:13-37
178            android:theme="@style/AppTheme" />
178-->[:flutter_inappwebview] AndroidManifest.xml:20:13-44
179        <activity
179-->[:flutter_inappwebview] AndroidManifest.xml:21:9-24:55
180            android:name="com.pichillilorenzo.flutter_inappwebview.chrome_custom_tabs.ChromeCustomTabsActivity"
180-->[:flutter_inappwebview] AndroidManifest.xml:22:13-112
181            android:exported="false"
181-->[:flutter_inappwebview] AndroidManifest.xml:23:13-37
182            android:theme="@style/ThemeTransparent" />
182-->[:flutter_inappwebview] AndroidManifest.xml:24:13-52
183        <activity
183-->[:flutter_inappwebview] AndroidManifest.xml:25:9-28:55
184            android:name="com.pichillilorenzo.flutter_inappwebview.chrome_custom_tabs.TrustedWebActivity"
184-->[:flutter_inappwebview] AndroidManifest.xml:26:13-106
185            android:exported="false"
185-->[:flutter_inappwebview] AndroidManifest.xml:27:13-37
186            android:theme="@style/ThemeTransparent" />
186-->[:flutter_inappwebview] AndroidManifest.xml:28:13-52
187        <activity
187-->[:flutter_inappwebview] AndroidManifest.xml:29:9-33:55
188            android:name="com.pichillilorenzo.flutter_inappwebview.chrome_custom_tabs.ChromeCustomTabsActivitySingleInstance"
188-->[:flutter_inappwebview] AndroidManifest.xml:30:13-126
189            android:exported="false"
189-->[:flutter_inappwebview] AndroidManifest.xml:31:13-37
190            android:launchMode="singleInstance"
190-->[:flutter_inappwebview] AndroidManifest.xml:32:13-48
191            android:theme="@style/ThemeTransparent" />
191-->[:flutter_inappwebview] AndroidManifest.xml:33:13-52
192        <activity
192-->[:flutter_inappwebview] AndroidManifest.xml:34:9-38:55
193            android:name="com.pichillilorenzo.flutter_inappwebview.chrome_custom_tabs.TrustedWebActivitySingleInstance"
193-->[:flutter_inappwebview] AndroidManifest.xml:35:13-120
194            android:exported="false"
194-->[:flutter_inappwebview] AndroidManifest.xml:36:13-37
195            android:launchMode="singleInstance"
195-->[:flutter_inappwebview] AndroidManifest.xml:37:13-48
196            android:theme="@style/ThemeTransparent" />
196-->[:flutter_inappwebview] AndroidManifest.xml:38:13-52
197
198        <receiver
198-->[:flutter_inappwebview] AndroidManifest.xml:40:9-43:40
199            android:name="com.pichillilorenzo.flutter_inappwebview.chrome_custom_tabs.ActionBroadcastReceiver"
199-->[:flutter_inappwebview] AndroidManifest.xml:41:13-111
200            android:enabled="true"
200-->[:flutter_inappwebview] AndroidManifest.xml:42:13-35
201            android:exported="false" />
201-->[:flutter_inappwebview] AndroidManifest.xml:43:13-37
202
203        <meta-data
203-->[:flutter_inappwebview] AndroidManifest.xml:45:9-47:36
204            android:name="io.flutter.embedded_views_preview"
204-->[:flutter_inappwebview] AndroidManifest.xml:46:13-61
205            android:value="true" />
205-->[:flutter_inappwebview] AndroidManifest.xml:47:13-33
206
207        <provider
207-->[:image_picker_android] AndroidManifest.xml:11:9-19:20
208            android:name="io.flutter.plugins.imagepicker.ImagePickerFileProvider"
208-->[:image_picker_android] AndroidManifest.xml:12:13-82
209            android:authorities="com.inilabs.foodking.flutter.image_provider"
209-->[:image_picker_android] AndroidManifest.xml:13:13-74
210            android:exported="false"
210-->[:image_picker_android] AndroidManifest.xml:14:13-37
211            android:grantUriPermissions="true" >
211-->[:image_picker_android] AndroidManifest.xml:15:13-47
212            <meta-data
212-->[:image_picker_android] AndroidManifest.xml:16:13-18:75
213                android:name="android.support.FILE_PROVIDER_PATHS"
213-->[:image_picker_android] AndroidManifest.xml:17:17-67
214                android:resource="@xml/flutter_image_picker_file_paths" />
214-->[:image_picker_android] AndroidManifest.xml:18:17-72
215        </provider> <!-- Trigger Google Play services to install the backported photo picker module. -->
216        <service
216-->[:image_picker_android] AndroidManifest.xml:21:9-33:19
217            android:name="com.google.android.gms.metadata.ModuleDependencies"
217-->[:image_picker_android] AndroidManifest.xml:22:13-78
218            android:enabled="false"
218-->[:image_picker_android] AndroidManifest.xml:23:13-36
219            android:exported="false" >
219-->[:image_picker_android] AndroidManifest.xml:24:13-37
220            <intent-filter>
220-->[:image_picker_android] AndroidManifest.xml:26:13-28:29
221                <action android:name="com.google.android.gms.metadata.MODULE_DEPENDENCIES" />
221-->[:image_picker_android] AndroidManifest.xml:27:17-94
221-->[:image_picker_android] AndroidManifest.xml:27:25-91
222            </intent-filter>
223
224            <meta-data
224-->[:image_picker_android] AndroidManifest.xml:30:13-32:36
225                android:name="photopicker_activity:0:required"
225-->[:image_picker_android] AndroidManifest.xml:31:17-63
226                android:value="" />
226-->[:image_picker_android] AndroidManifest.xml:32:17-33
227        </service>
228        <service
228-->[:geolocator_android] AndroidManifest.xml:10:9-14:56
229            android:name="com.baseflow.geolocator.GeolocatorLocationService"
229-->[:geolocator_android] AndroidManifest.xml:11:13-77
230            android:enabled="true"
230-->[:geolocator_android] AndroidManifest.xml:12:13-35
231            android:exported="false"
231-->[:geolocator_android] AndroidManifest.xml:13:13-37
232            android:foregroundServiceType="location" />
232-->[:geolocator_android] AndroidManifest.xml:14:13-53
233
234        <activity
234-->[:url_launcher_android] AndroidManifest.xml:10:9-13:74
235            android:name="io.flutter.plugins.urllauncher.WebViewActivity"
235-->[:url_launcher_android] AndroidManifest.xml:11:13-74
236            android:exported="false"
236-->[:url_launcher_android] AndroidManifest.xml:12:13-37
237            android:theme="@android:style/Theme.NoTitleBar.Fullscreen" />
237-->[:url_launcher_android] AndroidManifest.xml:13:13-71
238
239        <receiver
239-->[com.google.firebase:firebase-messaging:23.4.1] AndroidManifest.xml:29:9-40:20
240            android:name="com.google.firebase.iid.FirebaseInstanceIdReceiver"
240-->[com.google.firebase:firebase-messaging:23.4.1] AndroidManifest.xml:30:13-78
241            android:exported="true"
241-->[com.google.firebase:firebase-messaging:23.4.1] AndroidManifest.xml:31:13-36
242            android:permission="com.google.android.c2dm.permission.SEND" >
242-->[com.google.firebase:firebase-messaging:23.4.1] AndroidManifest.xml:32:13-73
243            <intent-filter>
243-->[:firebase_messaging] AndroidManifest.xml:32:13-34:29
244                <action android:name="com.google.android.c2dm.intent.RECEIVE" />
244-->[:firebase_messaging] AndroidManifest.xml:33:17-81
244-->[:firebase_messaging] AndroidManifest.xml:33:25-78
245            </intent-filter>
246
247            <meta-data
247-->[com.google.firebase:firebase-messaging:23.4.1] AndroidManifest.xml:37:13-39:40
248                android:name="com.google.android.gms.cloudmessaging.FINISHED_AFTER_HANDLED"
248-->[com.google.firebase:firebase-messaging:23.4.1] AndroidManifest.xml:38:17-92
249                android:value="true" />
249-->[com.google.firebase:firebase-messaging:23.4.1] AndroidManifest.xml:39:17-37
250        </receiver>
251        <!--
252             FirebaseMessagingService performs security checks at runtime,
253             but set to not exported to explicitly avoid allowing another app to call it.
254        -->
255        <service
255-->[com.google.firebase:firebase-messaging:23.4.1] AndroidManifest.xml:46:9-53:19
256            android:name="com.google.firebase.messaging.FirebaseMessagingService"
256-->[com.google.firebase:firebase-messaging:23.4.1] AndroidManifest.xml:47:13-82
257            android:directBootAware="true"
257-->[com.google.firebase:firebase-messaging:23.4.1] AndroidManifest.xml:48:13-43
258            android:exported="false" >
258-->[com.google.firebase:firebase-messaging:23.4.1] AndroidManifest.xml:49:13-37
259            <intent-filter android:priority="-500" >
259-->[:firebase_messaging] AndroidManifest.xml:23:13-25:29
260                <action android:name="com.google.firebase.MESSAGING_EVENT" />
260-->[:firebase_messaging] AndroidManifest.xml:24:17-78
260-->[:firebase_messaging] AndroidManifest.xml:24:25-75
261            </intent-filter>
262        </service>
263
264        <uses-library
264-->[androidx.window:window:1.2.0] AndroidManifest.xml:23:9-25:40
265            android:name="androidx.window.extensions"
265-->[androidx.window:window:1.2.0] AndroidManifest.xml:24:13-54
266            android:required="false" />
266-->[androidx.window:window:1.2.0] AndroidManifest.xml:25:13-37
267        <uses-library
267-->[androidx.window:window:1.2.0] AndroidManifest.xml:26:9-28:40
268            android:name="androidx.window.sidecar"
268-->[androidx.window:window:1.2.0] AndroidManifest.xml:27:13-51
269            android:required="false" />
269-->[androidx.window:window:1.2.0] AndroidManifest.xml:28:13-37
270
271        <provider
271-->[com.google.firebase:firebase-common:20.4.3] AndroidManifest.xml:23:9-28:39
272            android:name="com.google.firebase.provider.FirebaseInitProvider"
272-->[com.google.firebase:firebase-common:20.4.3] AndroidManifest.xml:24:13-77
273            android:authorities="com.inilabs.foodking.firebaseinitprovider"
273-->[com.google.firebase:firebase-common:20.4.3] AndroidManifest.xml:25:13-72
274            android:directBootAware="true"
274-->[com.google.firebase:firebase-common:20.4.3] AndroidManifest.xml:26:13-43
275            android:exported="false"
275-->[com.google.firebase:firebase-common:20.4.3] AndroidManifest.xml:27:13-37
276            android:initOrder="100" /> <!-- Needs to be explicitly declared on P+ -->
276-->[com.google.firebase:firebase-common:20.4.3] AndroidManifest.xml:28:13-36
277        <uses-library
277-->[com.google.android.gms:play-services-maps:18.2.0] AndroidManifest.xml:39:9-41:40
278            android:name="org.apache.http.legacy"
278-->[com.google.android.gms:play-services-maps:18.2.0] AndroidManifest.xml:40:13-50
279            android:required="false" />
279-->[com.google.android.gms:play-services-maps:18.2.0] AndroidManifest.xml:41:13-37
280
281        <activity
281-->[com.google.android.gms:play-services-auth:20.4.0] AndroidManifest.xml:23:9-27:75
282            android:name="com.google.android.gms.auth.api.signin.internal.SignInHubActivity"
282-->[com.google.android.gms:play-services-auth:20.4.0] AndroidManifest.xml:24:13-93
283            android:excludeFromRecents="true"
283-->[com.google.android.gms:play-services-auth:20.4.0] AndroidManifest.xml:25:13-46
284            android:exported="false"
284-->[com.google.android.gms:play-services-auth:20.4.0] AndroidManifest.xml:26:13-37
285            android:theme="@android:style/Theme.Translucent.NoTitleBar" />
285-->[com.google.android.gms:play-services-auth:20.4.0] AndroidManifest.xml:27:13-72
286        <!--
287            Service handling Google Sign-In user revocation. For apps that do not integrate with
288            Google Sign-In, this service will never be started.
289        -->
290        <service
290-->[com.google.android.gms:play-services-auth:20.4.0] AndroidManifest.xml:33:9-37:51
291            android:name="com.google.android.gms.auth.api.signin.RevocationBoundService"
291-->[com.google.android.gms:play-services-auth:20.4.0] AndroidManifest.xml:34:13-89
292            android:exported="true"
292-->[com.google.android.gms:play-services-auth:20.4.0] AndroidManifest.xml:35:13-36
293            android:permission="com.google.android.gms.auth.api.signin.permission.REVOCATION_NOTIFICATION"
293-->[com.google.android.gms:play-services-auth:20.4.0] AndroidManifest.xml:36:13-107
294            android:visibleToInstantApps="true" />
294-->[com.google.android.gms:play-services-auth:20.4.0] AndroidManifest.xml:37:13-48
295
296        <activity
296-->[com.google.android.gms:play-services-base:18.3.0] AndroidManifest.xml:20:9-22:45
297            android:name="com.google.android.gms.common.api.GoogleApiActivity"
297-->[com.google.android.gms:play-services-base:18.3.0] AndroidManifest.xml:20:19-85
298            android:exported="false"
298-->[com.google.android.gms:play-services-base:18.3.0] AndroidManifest.xml:22:19-43
299            android:theme="@android:style/Theme.Translucent.NoTitleBar" />
299-->[com.google.android.gms:play-services-base:18.3.0] AndroidManifest.xml:21:19-78
300
301        <meta-data
301-->[com.google.android.gms:play-services-basement:18.3.0] AndroidManifest.xml:21:9-23:69
302            android:name="com.google.android.gms.version"
302-->[com.google.android.gms:play-services-basement:18.3.0] AndroidManifest.xml:22:13-58